<?xml version="1.0" encoding="UTF-8"?>
<!-- Generated by org.testng.reporters.JUnitReportReporter -->
<testsuite hostname="DESKTOP-B12639A" failures="0" tests="1" name="testNG.TestNGbasic" time="16.002" errors="0" timestamp="2024-10-22T02:30:22 GMT-07:00" skipped="0">
  <testcase classname="testNG.TestNGbasic" name="OpenBrowser" time="16.002"/>
</testsuite> <!-- testNG.TestNGbasic -->
